{
  "stats": {
    "suites": 1,
    "tests": 1,
    "passes": 1,
    "pending": 0,
    "failures": 0,
    "start": "2022-12-04T03:07:01.768Z",
    "end": "2022-12-04T03:07:20.556Z",
    "duration": 18788,
    "testsRegistered": 1,
    "passPercent": 100,
    "pendingPercent": 0,
    "other": 0,
    "hasOther": false,
    "skipped": 0,
    "hasSkipped": false
  },
  "results": [
    {
      "uuid": "56f473d5-2044-4618-9d75-2d90beedd933",
      "title": "",
      "fullFile": "C:\\Users\\rodri\\Desktop\\selenium\\index.js",
      "file": "\\index.js",
      "beforeHooks": [],
      "afterHooks": [],
      "tests": [],
      "suites": [
        {
          "uuid": "2512a2d8-86c7-48ff-b6af-ab66f5408f52",
          "title": "Iniciar sesion en la pagina de corotos",
          "fullFile": "C:\\Users\\rodri\\Desktop\\selenium\\index.js",
          "file": "\\index.js",
          "beforeHooks": [],
          "afterHooks": [],
          "tests": [
            {
              "title": "Ingreso correctamente a la pagina de corotos",
              "fullTitle": "Iniciar sesion en la pagina de corotos Ingreso correctamente a la pagina de corotos",
              "timedOut": false,
              "duration": 18742,
              "state": "passed",
              "speed": "slow",
              "pass": true,
              "fail": false,
              "pending": false,
              "context": null,
              "code": "let driver = await new Builder().forBrowser(Browser.EDGE).build();\nawait driver.get(\"https://www.corotos.com.do/\");\n       \ndriver.takeScreenshot().then(\n    function(image, err){\n        fsp.writeFile('./image/captura1.png', image, 'base64', function(err){\n         console.log(err);\n        });\n    }\n)\n    \n       await driver.findElement(By.id(\"g4-taco-signin-button\")).click();    \n       \n       driver.takeScreenshot().then(\nfunction(image, err){\n    fsp.writeFile('./image/captura2.png', image, 'base64', function(err){\n     console.log(err);\n    });\n}\n    )\n    \n       await driver.findElement(By.name(\"app_user[email]\")).sendKeys(\"rodriguezabadbryan@gmail.com\");\n       driver.takeScreenshot().then(\nfunction(image, err){\n    fsp.writeFile('./image/captura3.png', image, 'base64', function(err){\n     console.log(err);\n    });\n}\n    )\n       await driver.findElement(By.name(\"app_user[password]\")).sendKeys(\"123456\", Key.RETURN);\n      \n       driver.takeScreenshot().then(\nfunction(image, err){\n    fsp.writeFile('./image/captura4.png', image, 'base64', function(err){\n     console.log(err);\n    });\n}\n    )\n       \n       driver.quit();",
              "err": {},
              "uuid": "797ec843-9e89-41d3-9f4d-7920301c10a7",
              "parentUUID": "2512a2d8-86c7-48ff-b6af-ab66f5408f52",
              "isHook": false,
              "skipped": false
            }
          ],
          "suites": [],
          "passes": [
            "797ec843-9e89-41d3-9f4d-7920301c10a7"
          ],
          "failures": [],
          "pending": [],
          "skipped": [],
          "duration": 18742,
          "root": false,
          "rootEmpty": false,
          "_timeout": 0
        }
      ],
      "passes": [],
      "failures": [],
      "pending": [],
      "skipped": [],
      "duration": 0,
      "root": true,
      "rootEmpty": true,
      "_timeout": 0
    }
  ],
  "meta": {
    "mocha": {
      "version": "10.1.0"
    },
    "mochawesome": {
      "options": {
        "quiet": false,
        "reportFilename": "mochawesome",
        "saveHtml": true,
        "saveJson": true,
        "consoleReporter": "spec",
        "useInlineDiffs": false,
        "code": true
      },
      "version": "7.1.3"
    },
    "marge": {
      "options": null,
      "version": "6.2.0"
    }
  }
}